<?xml version="1.0" encoding="UTF-8"?>
<testsuite xmlns:xsi="http://www.w3.org/2001/XMLSchema-instance" xsi:noNamespaceSchemaLocation="https://maven.apache.org/surefire/maven-surefire-plugin/xsd/surefire-test-report-3.0.xsd" version="3.0" name="TestSuite" time="2.665" tests="60" errors="0" skipped="59" failures="1">
  <properties>
[...]
</properties>
  <testcase name="setupDriver" classname="com.ebaytest.HomePageValidations" time="2.341">
    <failure message="Error: OS and OS Version not supported. (WARNING: The server did not provide any stacktrace information)&#10;Command duration or timeout: 1.11 seconds&#10;Build info: version: &apos;3.141.59&apos;, revision: &apos;e82be7d358&apos;, time: &apos;2018-11-14T08:17:03&apos;&#10;System info: host: &apos;DESKTOP-L1NFBMA&apos;, ip: &apos;192.168.0.4&apos;, os.name: &apos;Windows 10&apos;, os.arch: &apos;amd64&apos;, os.version: &apos;10.0&apos;, java.version: &apos;11.0.8&apos;&#10;Driver info: driver.version: RemoteWebDriver" type="org.openqa.selenium.WebDriverException">org.openqa.selenium.WebDriverException: 
Error: OS and OS Version not supported. (WARNING: The server did not provide any stacktrace information)
Command duration or timeout: 1.11 seconds
Build info: version: '3.141.59', revision: 'e82be7d358', time: '2018-11-14T08:17:03'
System info: host: 'DESKTOP-L1NFBMA', ip: '192.168.0.4', os.name: 'Windows 10', os.arch: 'amd64', os.version: '10.0', java.version: '11.0.8'
Driver info: driver.version: RemoteWebDriver
</failure>
    <system-out><![CDATA[[TestNGContentHandler] [WARN] It is strongly recommended to add "<!DOCTYPE suite SYSTEM "https://testng.org/testng-1.0.dtd" >" at the top of your file, otherwise TestNG may fail or not work as expected.
Extent Report DirectoryC:\Users\tafat\Desktop\WebAutomationNov2020\ebay\target\surefire-reports\html
]]></system-out>
  </testcase>
  <testcase name="setupDriver" classname="com.ebaytest.HomePageValidations" time="0">
    <skipped/>
  </testcase>
  <testcase name="setupDriver" classname="com.ebaytest.HomePageValidations" time="0">
    <skipped/>
  </testcase>
  <testcase name="setupDriver" classname="com.ebaytest.HomePageValidations" time="0">
    <skipped/>
  </testcase>
  <testcase name="setupDriver" classname="com.ebaytest.HomePageValidations" time="0">
    <skipped/>
  </testcase>
  <testcase name="setupDriver" classname="com.ebaytest.HomePageValidations" time="0">
    <skipped/>
  </testcase>
  <testcase name="setupDriver" classname="com.ebaytest.HomePageValidations" time="0">
    <skipped/>
  </testcase>
  <testcase name="setupDriver" classname="com.ebaytest.HomePageValidations" time="0">
    <skipped/>
  </testcase>
  <testcase name="setupDriver" classname="com.ebaytest.HomePageValidations" time="0">
    <skipped/>
  </testcase>
  <testcase name="setupDriver" classname="com.ebaytest.HomePageValidations" time="0">
    <skipped/>
  </testcase>
  <testcase name="setupDriver" classname="com.ebaytest.HomePageValidations" time="0">
    <skipped/>
  </testcase>
  <testcase name="setupDriver" classname="com.ebaytest.HomePageValidations" time="0">
    <skipped/>
  </testcase>
  <testcase name="startExtent" classname="com.ebaytest.HomePageValidations" time="0">
    <skipped/>
  </testcase>
  <testcase name="startExtent" classname="com.ebaytest.HomePageValidations" time="0">
    <skipped/>
  </testcase>
  <testcase name="startExtent" classname="com.ebaytest.HomePageValidations" time="0">
    <skipped/>
  </testcase>
  <testcase name="startExtent" classname="com.ebaytest.HomePageValidations" time="0">
    <skipped/>
  </testcase>
  <testcase name="startExtent" classname="com.ebaytest.HomePageValidations" time="0">
    <skipped/>
  </testcase>
  <testcase name="startExtent" classname="com.ebaytest.HomePageValidations" time="0">
    <skipped/>
  </testcase>
  <testcase name="startExtent" classname="com.ebaytest.HomePageValidations" time="0">
    <skipped/>
  </testcase>
  <testcase name="startExtent" classname="com.ebaytest.HomePageValidations" time="0">
    <skipped/>
  </testcase>
  <testcase name="startExtent" classname="com.ebaytest.HomePageValidations" time="0">
    <skipped/>
  </testcase>
  <testcase name="startExtent" classname="com.ebaytest.HomePageValidations" time="0">
    <skipped/>
  </testcase>
  <testcase name="startExtent" classname="com.ebaytest.HomePageValidations" time="0">
    <skipped/>
  </testcase>
  <testcase name="startExtent" classname="com.ebaytest.HomePageValidations" time="0">
    <skipped/>
  </testcase>
  <testcase name="validateUserBeingAbleToClickOnBrandOutletButton" classname="com.ebaytest.HomePageValidations" time="0">
    <skipped message="Error: OS and OS Version not supported. (WARNING: The server did not provide any stacktrace information)&#10;Command duration or timeout: 1.11 seconds&#10;Build info: version: &apos;3.141.59&apos;, revision: &apos;e82be7d358&apos;, time: &apos;2018-11-14T08:17:03&apos;&#10;System info: host: &apos;DESKTOP-L1NFBMA&apos;, ip: &apos;192.168.0.4&apos;, os.name: &apos;Windows 10&apos;, os.arch: &apos;amd64&apos;, os.version: &apos;10.0&apos;, java.version: &apos;11.0.8&apos;&#10;Driver info: driver.version: RemoteWebDriver"/>
  </testcase>
  <testcase name="afterEachTestMethod" classname="com.ebaytest.HomePageValidations" time="0">
    <skipped/>
  </testcase>
  <testcase name="afterEachTestMethod" classname="com.ebaytest.HomePageValidations" time="0">
    <skipped/>
  </testcase>
  <testcase name="afterEachTestMethod" classname="com.ebaytest.HomePageValidations" time="0">
    <skipped/>
  </testcase>
  <testcase name="afterEachTestMethod" classname="com.ebaytest.HomePageValidations" time="0">
    <skipped/>
  </testcase>
  <testcase name="afterEachTestMethod" classname="com.ebaytest.HomePageValidations" time="0">
    <skipped/>
  </testcase>
  <testcase name="afterEachTestMethod" classname="com.ebaytest.HomePageValidations" time="0">
    <skipped/>
  </testcase>
  <testcase name="afterEachTestMethod" classname="com.ebaytest.HomePageValidations" time="0">
    <skipped/>
  </testcase>
  <testcase name="afterEachTestMethod" classname="com.ebaytest.HomePageValidations" time="0">
    <skipped/>
  </testcase>
  <testcase name="afterEachTestMethod" classname="com.ebaytest.HomePageValidations" time="0">
    <skipped/>
  </testcase>
  <testcase name="afterEachTestMethod" classname="com.ebaytest.HomePageValidations" time="0">
    <skipped/>
  </testcase>
  <testcase name="afterEachTestMethod" classname="com.ebaytest.HomePageValidations" time="0">
    <skipped/>
  </testcase>
  <testcase name="afterEachTestMethod" classname="com.ebaytest.HomePageValidations" time="0">
    <skipped/>
  </testcase>
  <testcase name="cleanUp" classname="com.ebaytest.HomePageValidations" time="0">
    <skipped/>
  </testcase>
  <testcase name="cleanUp" classname="com.ebaytest.HomePageValidations" time="0">
    <skipped/>
  </testcase>
  <testcase name="cleanUp" classname="com.ebaytest.HomePageValidations" time="0">
    <skipped/>
  </testcase>
  <testcase name="cleanUp" classname="com.ebaytest.HomePageValidations" time="0">
    <skipped/>
  </testcase>
  <testcase name="cleanUp" classname="com.ebaytest.HomePageValidations" time="0">
    <skipped/>
  </testcase>
  <testcase name="cleanUp" classname="com.ebaytest.HomePageValidations" time="0">
    <skipped/>
  </testcase>
  <testcase name="cleanUp" classname="com.ebaytest.HomePageValidations" time="0">
    <skipped/>
  </testcase>
  <testcase name="cleanUp" classname="com.ebaytest.HomePageValidations" time="0">
    <skipped/>
  </testcase>
  <testcase name="cleanUp" classname="com.ebaytest.HomePageValidations" time="0">
    <skipped/>
  </testcase>
  <testcase name="cleanUp" classname="com.ebaytest.HomePageValidations" time="0">
    <skipped/>
  </testcase>
  <testcase name="cleanUp" classname="com.ebaytest.HomePageValidations" time="0">
    <skipped/>
  </testcase>
  <testcase name="cleanUp" classname="com.ebaytest.HomePageValidations" time="0">
    <skipped/>
  </testcase>
  <testcase name="validateUserBeingAbleToClickOnCartButton" classname="com.ebaytest.HomePageValidations" time="0">
    <skipped message="Error: OS and OS Version not supported. (WARNING: The server did not provide any stacktrace information)&#10;Command duration or timeout: 1.11 seconds&#10;Build info: version: &apos;3.141.59&apos;, revision: &apos;e82be7d358&apos;, time: &apos;2018-11-14T08:17:03&apos;&#10;System info: host: &apos;DESKTOP-L1NFBMA&apos;, ip: &apos;192.168.0.4&apos;, os.name: &apos;Windows 10&apos;, os.arch: &apos;amd64&apos;, os.version: &apos;10.0&apos;, java.version: &apos;11.0.8&apos;&#10;Driver info: driver.version: RemoteWebDriver"/>
  </testcase>
  <testcase name="validateUserBeingAbleToClickOnDailyDealsButton" classname="com.ebaytest.HomePageValidations" time="0">
    <skipped message="Error: OS and OS Version not supported. (WARNING: The server did not provide any stacktrace information)&#10;Command duration or timeout: 1.11 seconds&#10;Build info: version: &apos;3.141.59&apos;, revision: &apos;e82be7d358&apos;, time: &apos;2018-11-14T08:17:03&apos;&#10;System info: host: &apos;DESKTOP-L1NFBMA&apos;, ip: &apos;192.168.0.4&apos;, os.name: &apos;Windows 10&apos;, os.arch: &apos;amd64&apos;, os.version: &apos;10.0&apos;, java.version: &apos;11.0.8&apos;&#10;Driver info: driver.version: RemoteWebDriver"/>
  </testcase>
  <testcase name="validateUserBeingAbleToClickOnHelpAndContactButton" classname="com.ebaytest.HomePageValidations" time="0">
    <skipped message="Error: OS and OS Version not supported. (WARNING: The server did not provide any stacktrace information)&#10;Command duration or timeout: 1.11 seconds&#10;Build info: version: &apos;3.141.59&apos;, revision: &apos;e82be7d358&apos;, time: &apos;2018-11-14T08:17:03&apos;&#10;System info: host: &apos;DESKTOP-L1NFBMA&apos;, ip: &apos;192.168.0.4&apos;, os.name: &apos;Windows 10&apos;, os.arch: &apos;amd64&apos;, os.version: &apos;10.0&apos;, java.version: &apos;11.0.8&apos;&#10;Driver info: driver.version: RemoteWebDriver"/>
  </testcase>
  <testcase name="validateUserBeingAbleToClickOnNotificationButton" classname="com.ebaytest.HomePageValidations" time="0">
    <skipped message="Error: OS and OS Version not supported. (WARNING: The server did not provide any stacktrace information)&#10;Command duration or timeout: 1.11 seconds&#10;Build info: version: &apos;3.141.59&apos;, revision: &apos;e82be7d358&apos;, time: &apos;2018-11-14T08:17:03&apos;&#10;System info: host: &apos;DESKTOP-L1NFBMA&apos;, ip: &apos;192.168.0.4&apos;, os.name: &apos;Windows 10&apos;, os.arch: &apos;amd64&apos;, os.version: &apos;10.0&apos;, java.version: &apos;11.0.8&apos;&#10;Driver info: driver.version: RemoteWebDriver"/>
  </testcase>
  <testcase name="validateUserBeingAbleToClickOnRegisterButton" classname="com.ebaytest.HomePageValidations" time="0">
    <skipped message="Error: OS and OS Version not supported. (WARNING: The server did not provide any stacktrace information)&#10;Command duration or timeout: 1.11 seconds&#10;Build info: version: &apos;3.141.59&apos;, revision: &apos;e82be7d358&apos;, time: &apos;2018-11-14T08:17:03&apos;&#10;System info: host: &apos;DESKTOP-L1NFBMA&apos;, ip: &apos;192.168.0.4&apos;, os.name: &apos;Windows 10&apos;, os.arch: &apos;amd64&apos;, os.version: &apos;10.0&apos;, java.version: &apos;11.0.8&apos;&#10;Driver info: driver.version: RemoteWebDriver"/>
  </testcase>
  <testcase name="validateUserBeingAbleToClickOnSearchBar" classname="com.ebaytest.HomePageValidations" time="0">
    <skipped message="Error: OS and OS Version not supported. (WARNING: The server did not provide any stacktrace information)&#10;Command duration or timeout: 1.11 seconds&#10;Build info: version: &apos;3.141.59&apos;, revision: &apos;e82be7d358&apos;, time: &apos;2018-11-14T08:17:03&apos;&#10;System info: host: &apos;DESKTOP-L1NFBMA&apos;, ip: &apos;192.168.0.4&apos;, os.name: &apos;Windows 10&apos;, os.arch: &apos;amd64&apos;, os.version: &apos;10.0&apos;, java.version: &apos;11.0.8&apos;&#10;Driver info: driver.version: RemoteWebDriver"/>
  </testcase>
  <testcase name="validateUserBeingAbleToClickOnSellButton" classname="com.ebaytest.HomePageValidations" time="0">
    <skipped message="Error: OS and OS Version not supported. (WARNING: The server did not provide any stacktrace information)&#10;Command duration or timeout: 1.11 seconds&#10;Build info: version: &apos;3.141.59&apos;, revision: &apos;e82be7d358&apos;, time: &apos;2018-11-14T08:17:03&apos;&#10;System info: host: &apos;DESKTOP-L1NFBMA&apos;, ip: &apos;192.168.0.4&apos;, os.name: &apos;Windows 10&apos;, os.arch: &apos;amd64&apos;, os.version: &apos;10.0&apos;, java.version: &apos;11.0.8&apos;&#10;Driver info: driver.version: RemoteWebDriver"/>
  </testcase>
  <testcase name="validateUserBeingAbleToClickOnSignInButton" classname="com.ebaytest.HomePageValidations" time="0">
    <skipped message="Error: OS and OS Version not supported. (WARNING: The server did not provide any stacktrace information)&#10;Command duration or timeout: 1.11 seconds&#10;Build info: version: &apos;3.141.59&apos;, revision: &apos;e82be7d358&apos;, time: &apos;2018-11-14T08:17:03&apos;&#10;System info: host: &apos;DESKTOP-L1NFBMA&apos;, ip: &apos;192.168.0.4&apos;, os.name: &apos;Windows 10&apos;, os.arch: &apos;amd64&apos;, os.version: &apos;10.0&apos;, java.version: &apos;11.0.8&apos;&#10;Driver info: driver.version: RemoteWebDriver"/>
  </testcase>
  <testcase name="validateUserBeingAbleToClickOnWatchlistButton" classname="com.ebaytest.HomePageValidations" time="0">
    <skipped message="Error: OS and OS Version not supported. (WARNING: The server did not provide any stacktrace information)&#10;Command duration or timeout: 1.11 seconds&#10;Build info: version: &apos;3.141.59&apos;, revision: &apos;e82be7d358&apos;, time: &apos;2018-11-14T08:17:03&apos;&#10;System info: host: &apos;DESKTOP-L1NFBMA&apos;, ip: &apos;192.168.0.4&apos;, os.name: &apos;Windows 10&apos;, os.arch: &apos;amd64&apos;, os.version: &apos;10.0&apos;, java.version: &apos;11.0.8&apos;&#10;Driver info: driver.version: RemoteWebDriver"/>
  </testcase>
  <testcase name="validateUserBeingAbleToClickOnmyEbayButton" classname="com.ebaytest.HomePageValidations" time="0">
    <skipped message="Error: OS and OS Version not supported. (WARNING: The server did not provide any stacktrace information)&#10;Command duration or timeout: 1.11 seconds&#10;Build info: version: &apos;3.141.59&apos;, revision: &apos;e82be7d358&apos;, time: &apos;2018-11-14T08:17:03&apos;&#10;System info: host: &apos;DESKTOP-L1NFBMA&apos;, ip: &apos;192.168.0.4&apos;, os.name: &apos;Windows 10&apos;, os.arch: &apos;amd64&apos;, os.version: &apos;10.0&apos;, java.version: &apos;11.0.8&apos;&#10;Driver info: driver.version: RemoteWebDriver"/>
  </testcase>
  <testcase name="validateUserBeingAbleToTypeOnSearchBar" classname="com.ebaytest.HomePageValidations" time="0">
    <skipped message="Error: OS and OS Version not supported. (WARNING: The server did not provide any stacktrace information)&#10;Command duration or timeout: 1.11 seconds&#10;Build info: version: &apos;3.141.59&apos;, revision: &apos;e82be7d358&apos;, time: &apos;2018-11-14T08:17:03&apos;&#10;System info: host: &apos;DESKTOP-L1NFBMA&apos;, ip: &apos;192.168.0.4&apos;, os.name: &apos;Windows 10&apos;, os.arch: &apos;amd64&apos;, os.version: &apos;10.0&apos;, java.version: &apos;11.0.8&apos;&#10;Driver info: driver.version: RemoteWebDriver"/>
  </testcase>
</testsuite>